d:\mygameserver\servicemgr\x64\debug\servicemgr.pdb
d:\mygameserver\servicemgr\x64\debug\servicemgr.idb
d:\mygameserver\servicemgr\x64\debug\uvtimermgr.obj
d:\mygameserver\servicemgr\x64\debug\uvsignalmgr.obj
d:\mygameserver\servicemgr\x64\debug\uvloop.obj
d:\mygameserver\servicemgr\x64\debug\tcpserver.obj
d:\mygameserver\servicemgr\x64\debug\session.obj
d:\mygameserver\servicemgr\x64\debug\service.obj
d:\mygameserver\servicemgr\x64\debug\modulemgr.obj
d:\mygameserver\servicemgr\x64\debug\servicemgr.obj
d:\mygameserver\servicemgr\x64\debug\log.obj
d:\mygameserver\servicemgr\x64\debug\uvfile.obj
d:\mygameserver\servicemgr\x64\debug\fileioserver.obj
d:\mygameserver\x64\debug\servicemgrd.lib
d:\mygameserver\servicemgr\x64\debug\servicemgr.tlog\cl.command.1.tlog
d:\mygameserver\servicemgr\x64\debug\servicemgr.tlog\cl.read.1.tlog
d:\mygameserver\servicemgr\x64\debug\servicemgr.tlog\cl.write.1.tlog
d:\mygameserver\servicemgr\x64\debug\servicemgr.tlog\lib-link.read.1.tlog
d:\mygameserver\servicemgr\x64\debug\servicemgr.tlog\lib-link.write.1.tlog
d:\mygameserver\servicemgr\x64\debug\servicemgr.tlog\lib.command.1.tlog
