d:\mygameserver\gameservice\x64\debug\vc141.pdb
d:\mygameserver\gameservice\x64\debug\vc141.idb
d:\mygameserver\gameservice\x64\debug\main.obj
d:\mygameserver\gameservice\x64\debug\cjson.obj
d:\mygameserver\gameservice\x64\debug\timestampconvert.obj
d:\mygameserver\gameservice\x64\debug\scenemgr.obj
d:\mygameserver\gameservice\x64\debug\cube.obj
d:\mygameserver\gameservice\x64\debug\player.pb.obj
d:\mygameserver\gameservice\x64\debug\netpackdispatcher.obj
d:\mygameserver\gameservice\x64\debug\clientinfo.obj
d:\mygameserver\gameservice\x64\debug\playersavedata.obj
d:\mygameserver\gameservice\x64\debug\playerdataconvert.obj
d:\mygameserver\gameservice\x64\debug\codec.obj
d:\mygameserver\gameservice\x64\debug\shopmgr.obj
d:\mygameserver\gameservice\x64\debug\rolemgr.obj
d:\mygameserver\gameservice\x64\debug\loginmgr.obj
d:\mygameserver\gameservice\x64\debug\filedb.obj
d:\mygameserver\gameservice\x64\debug\scene.obj
d:\mygameserver\x64\debug\gameservice.exe
d:\mygameserver\x64\debug\gameservice.ilk
d:\mygameserver\x64\debug\gameservice.pdb
d:\mygameserver\gameservice\x64\debug\test.obj
d:\mygameserver\gameservice\x64\debug\gameservice.tlog\cl.command.1.tlog
d:\mygameserver\gameservice\x64\debug\gameservice.tlog\cl.read.1.tlog
d:\mygameserver\gameservice\x64\debug\gameservice.tlog\cl.write.1.tlog
d:\mygameserver\gameservice\x64\debug\gameservice.tlog\link.command.1.tlog
d:\mygameserver\gameservice\x64\debug\gameservice.tlog\link.read.1.tlog
d:\mygameserver\gameservice\x64\debug\gameservice.tlog\link.write.1.tlog
